Copyright 1986-2022 Xilinx, Inc. All Rights Reserved. Copyright 2022-2024 Advanced Micro Devices, Inc. All Rights Reserved.
---------------------------------------------------------------------------------------------------------------------------------------------
| Tool Version : Vivado v.2024.2.1 (win64) Build 5266912 Sun Dec 15 09:03:24 MST 2024
| Date         : Fri Jan  3 16:50:40 2025
| Host         : DS running 64-bit major release  (build 9200)
| Command      : report_drc -file SonarProjectSV_top_drc_opted.rpt -pb SonarProjectSV_top_drc_opted.pb -rpx SonarProjectSV_top_drc_opted.rpx
| Design       : SonarProjectSV_top
| Device       : xc7z020clg400-1
| Speed File   : -1
| Design State : Synthesized
---------------------------------------------------------------------------------------------------------------------------------------------

Report DRC

Table of Contents
-----------------
1. REPORT SUMMARY
2. REPORT DETAILS

1. REPORT SUMMARY
-----------------
            Netlist: netlist
          Floorplan: design_1
      Design limits: <entire design considered>
           Ruledeck: default
             Max checks: <unlimited>
             Checks found: 9
+--------+----------+--------------------------+--------+
| Rule   | Severity | Description              | Checks |
+--------+----------+--------------------------+--------+
| BUFC-1 | Warning  | Input Buffer Connections | 9      |
+--------+----------+--------------------------+--------+

2. REPORT DETAILS
-----------------
BUFC-1#1 Warning
Input Buffer Connections  
Input buffer wrapper_inst/ja_pin10_iobuf/IBUF (in wrapper_inst/ja_pin10_iobuf macro) has no loads. It is recommended to have an input buffer drive an internal load.
Related violations: <none>

BUFC-1#2 Warning
Input Buffer Connections  
Input buffer wrapper_inst/ja_pin1_iobuf/IBUF (in wrapper_inst/ja_pin1_iobuf macro) has no loads. It is recommended to have an input buffer drive an internal load.
Related violations: <none>

BUFC-1#3 Warning
Input Buffer Connections  
Input buffer wrapper_inst/ja_pin2_iobuf/IBUF (in wrapper_inst/ja_pin2_iobuf macro) has no loads. It is recommended to have an input buffer drive an internal load.
Related violations: <none>

BUFC-1#4 Warning
Input Buffer Connections  
Input buffer wrapper_inst/ja_pin3_iobuf/IBUF (in wrapper_inst/ja_pin3_iobuf macro) has no loads. It is recommended to have an input buffer drive an internal load.
Related violations: <none>

BUFC-1#5 Warning
Input Buffer Connections  
Input buffer wrapper_inst/ja_pin7_iobuf/IBUF (in wrapper_inst/ja_pin7_iobuf macro) has no loads. It is recommended to have an input buffer drive an internal load.
Related violations: <none>

BUFC-1#6 Warning
Input Buffer Connections  
Input buffer wrapper_inst/ja_pin8_iobuf/IBUF (in wrapper_inst/ja_pin8_iobuf macro) has no loads. It is recommended to have an input buffer drive an internal load.
Related violations: <none>

BUFC-1#7 Warning
Input Buffer Connections  
Input buffer wrapper_inst/ja_pin9_iobuf/IBUF (in wrapper_inst/ja_pin9_iobuf macro) has no loads. It is recommended to have an input buffer drive an internal load.
Related violations: <none>

BUFC-1#8 Warning
Input Buffer Connections  
Input buffer wrapper_inst/jb_pin1_iobuf/IBUF (in wrapper_inst/jb_pin1_iobuf macro) has no loads. It is recommended to have an input buffer drive an internal load.
Related violations: <none>

BUFC-1#9 Warning
Input Buffer Connections  
Input buffer wrapper_inst/jb_pin4_iobuf/IBUF (in wrapper_inst/jb_pin4_iobuf macro) has no loads. It is recommended to have an input buffer drive an internal load.
Related violations: <none>


